<?xml version="1.0" encoding="UTF-8"?>
<testng-results skipped="0" failed="0" ignored="0" total="1" passed="1">
  <reporter-output>
  </reporter-output>
  <suite name="Default suite" duration-ms="7103" started-at="2018-04-11T11:12:53Z" finished-at="2018-04-11T11:13:00Z">
    <groups>
    </groups>
    <test name="Default test" duration-ms="7103" started-at="2018-04-11T11:12:53Z" finished-at="2018-04-11T11:13:00Z">
      <class name="Ex.Execution">
        <test-method status="PASS" signature="Display()[pri:0, instance:Ex.Execution@59fa1d9b]" name="Display" duration-ms="7069" started-at="2018-04-11T11:12:53Z" finished-at="2018-04-11T11:13:00Z">
          <reporter-output>
          </reporter-output>
        </test-method> <!-- Display -->
      </class> <!-- Ex.Execution -->
    </test> <!-- Default test -->
  </suite> <!-- Default suite -->
</testng-results>
